<?xml version="1.0" encoding="UTF-8"?>
<testng-results ignored="0" total="1" passed="1" failed="0" skipped="0">
  <reporter-output>
  </reporter-output>
  <suite started-at="2023-03-09T18:37:32 IST" name="Default suite" finished-at="2023-03-09T18:37:56 IST" duration-ms="24637">
    <groups>
    </groups>
    <test started-at="2023-03-09T18:37:32 IST" name="Default test" finished-at="2023-03-09T18:37:56 IST" duration-ms="24637">
      <class name="com.pom.testcases.TestCaseNo1">
        <test-method is-config="true" signature="browserinit()[pri:0, instance:com.pom.testcases.TestCaseNo1@f0da945]" started-at="2023-03-09T18:37:32 IST" name="browserinit" finished-at="2023-03-09T18:37:51 IST" duration-ms="19262" status="PASS">
          <reporter-output>
          </reporter-output>
        </test-method> <!-- browserinit -->
        <test-method signature="LoginFun()[pri:0, instance:com.pom.testcases.TestCaseNo1@f0da945]" started-at="2023-03-09T18:37:51 IST" name="LoginFun" description="Login Functionality" finished-at="2023-03-09T18:37:56 IST" duration-ms="5312" status="PASS">
          <reporter-output>
          </reporter-output>
        </test-method> <!-- LoginFun -->
        <test-method is-config="true" signature="tearup()[pri:0, instance:com.pom.testcases.TestCaseNo1@f0da945]" started-at="2023-03-09T18:37:56 IST" name="tearup" finished-at="2023-03-09T18:37:56 IST" duration-ms="1" status="PASS">
          <reporter-output>
          </reporter-output>
        </test-method> <!-- tearup -->
      </class> <!-- com.pom.testcases.TestCaseNo1 -->
    </test> <!-- Default test -->
  </suite> <!-- Default suite -->
</testng-results>
